Removed Pin From Net: NetName=ATN Pin=D2-26
Removed Pin From Net: NetName=SRQ Pin=D2-27
Removed Pin From Net: NetName=IFC Pin=D2-28
Removed Pin From Net: NetName=NDAC Pin=D2-29
Removed Pin From Net: NetName=DAV Pin=D2-31
Removed Pin From Net: NetName=NetD3_19 Pin=J2-1
Removed Pin From Net: NetName=NetD3_18 Pin=J2-2
Removed Pin From Net: NetName=NetD3_17 Pin=J2-3
Removed Pin From Net: NetName=NetD3_16 Pin=J2-4
Removed Pin From Net: NetName=NetD4_19 Pin=J2-5
Removed Pin From Net: NetName=NetD4_18 Pin=J2-6
Removed Pin From Net: NetName=NetD4_17 Pin=J2-7
Removed Pin From Net: NetName=NetD4_16 Pin=J2-8
Removed Pin From Net: NetName=NetD4_15 Pin=J2-9
Removed Pin From Net: NetName=NetD4_14 Pin=J2-10
Removed Pin From Net: NetName=NetD4_13 Pin=J2-11
Removed Pin From Net: NetName=NetD3_15 Pin=J2-13
Removed Pin From Net: NetName=NetD3_14 Pin=J2-14
Removed Pin From Net: NetName=NetD3_13 Pin=J2-15
Removed Pin From Net: NetName=NetD3_12 Pin=J2-16
Removed Pin From Net: NetName=NetD4_12 Pin=J2-17
Removed Pin From Net: NetName=GND Pin=R11-1
Removed Pin From Net: NetName=5V Pin=R12-1
Removed Pin From Net: NetName=5V Pin=R14-1
Removed Pin From Net: NetName=NetD3_9 Pin=U2-12
Removed Pin From Net: NetName=NetD3_8 Pin=U2-13
Removed Pin From Net: NetName=NetD3_7 Pin=U2-14
Removed Pin From Net: NetName=NetD3_6 Pin=U2-15
Removed Pin From Net: NetName=NetD3_5 Pin=U2-16
Removed Pin From Net: NetName=NetD3_4 Pin=U2-17
Removed Pin From Net: NetName=NetD3_3 Pin=U2-18
Removed Pin From Net: NetName=NetD3_2 Pin=U2-20
Removed Pin From Net: NetName=DAV Pin=U3-3
Removed Pin From Net: NetName=NRFD Pin=U3-4
Removed Pin From Net: NetName=NDAC Pin=U3-5
Removed Pin From Net: NetName=IFC Pin=U3-6
Removed Pin From Net: NetName=SRQ Pin=U3-7
Removed Pin From Net: NetName=NetD4_9 Pin=U3-12
Removed Pin From Net: NetName=NetD4_8 Pin=U3-13
Removed Pin From Net: NetName=NetD4_7 Pin=U3-14
Removed Pin From Net: NetName=NetD4_6 Pin=U3-15
Removed Pin From Net: NetName=NetD4_5 Pin=U3-16
Removed Pin From Net: NetName=NetD4_4 Pin=U3-17
Removed Pin From Net: NetName=NetD4_3 Pin=U3-18
Removed Pin From Net: NetName=NetD4_2 Pin=U3-20
Removed Member From Class: ClassName=WGPIB Member=R14
Change Component Comment : Designator=R11 Old Comment=10k New Comment=330
Change Component Comment : Designator=R12 Old Comment=10k New Comment=330
Change Component Comment : Designator=D4 Old Comment=SN75160BDWR New Comment=SN75161BDWR
Added Component: Designator=DS6(VISH-TLMX1100_V)
Add component. Clean all parameters for all variants
Add component (AddParameter): Name = "Capacitance"; Value = "12 pF"; VariantName = "[No Variations]"
Add component (AddParameter): Name = "Case/Package"; Value = "0603"; VariantName = "[No Variations]"
Add component (AddParameter): Name = "Case Code (Imperial)"; Value = "0603"; VariantName = "[No Variations]"
Add component (AddParameter): Name = "Case Code (Metric)"; Value = "1608"; VariantName = "[No Variations]"
Add component (AddParameter): Name = "ComponentLink1Description"; Value = "Manufacturer URL"; VariantName = "[No Variations]"
Add component (AddParameter): Name = "ComponentLink1URL"; Value = "http://www.vishay.com/"; VariantName = "[No Variations]"
Add component (AddParameter): Name = "ComponentLink2Description"; Value = "Datasheet"; VariantName = "[No Variations]"
Add component (AddParameter): Name = "ComponentLink2URL"; Value = "http://www.vishay.com/docs/83173/tlmb1100.pdf"; VariantName = "[No Variations]"
Add component (AddParameter): Name = "DatasheetVersion"; Value = "Rev. 2.7, 03/2016"; VariantName = "[No Variations]"
Add component (AddParameter): Name = "Height"; Value = "0.8 mm"; VariantName = "[No Variations]"
Add component (AddParameter): Name = "Length"; Value = "1.6 mm"; VariantName = "[No Variations]"
Add component (AddParameter): Name = "Max Operating Temperature"; Value = "125degC"; VariantName = "[No Variations]"
Add component (AddParameter): Name = "Min Operating Temperature"; Value = "-55degC"; VariantName = "[No Variations]"
Add component (AddParameter): Name = "Mount"; Value = "Surface Mount"; VariantName = "[No Variations]"
Add component (AddParameter): Name = "PackageDescription"; Value = "2-Pin Surface Mount Device, Body 1.6 x 0.8 mm"; VariantName = "[No Variations]"
Add component (AddParameter): Name = "Package Quantity"; Value = "4000"; VariantName = "[No Variations]"
Add component (AddParameter): Name = "PackageReference"; Value = "TLMX1100"; VariantName = "[No Variations]"
Add component (AddParameter): Name = "Packaging"; Value = "Tape and Reel"; VariantName = "[No Variations]"
Add component (AddParameter): Name = "Pins"; Value = "2"; VariantName = "[No Variations]"
Add component (AddParameter): Name = "Radiation Hardening"; Value = "No"; VariantName = "[No Variations]"
Add component (AddParameter): Name = "REACH SVHC"; Value = "No SVHC"; VariantName = "[No Variations]"
Add component (AddParameter): Name = "Resistance"; Value = "100000000000 Ohm"; VariantName = "[No Variations]"
Add component (AddParameter): Name = "RoHSCompliant"; Value = "True"; VariantName = "[No Variations]"
Add component (AddParameter): Name = "Tolerance"; Value = "5%"; VariantName = "[No Variations]"
Add component (AddParameter): Name = "Type (Capacitors)"; Value = "C0G"; VariantName = "[No Variations]"
Add component (AddParameter): Name = "Voltage Rating"; Value = "50 V"; VariantName = "[No Variations]"
Add component (AddParameter): Name = "Voltage Rating (DC)"; Value = "50 V"; VariantName = "[No Variations]"
Add component (AddParameter): Name = "Width"; Value = "0.8 mm"; VariantName = "[No Variations]"
Added Pin To Net: NetName=SRQ Pin=D2-26
Added Pin To Net: NetName=ATN Pin=D2-27
Added Pin To Net: NetName=DAV Pin=D2-29
Added Pin To Net: NetName=NDAC Pin=D2-31
Added Pin To Net: NetName=IFC Pin=D2-33
Added Pin To Net: NetName=NetD3_2 Pin=J2-1
Added Pin To Net: NetName=NetD3_3 Pin=J2-2
Added Pin To Net: NetName=NetD3_4 Pin=J2-3
Added Pin To Net: NetName=NetD3_5 Pin=J2-4
Added Pin To Net: NetName=NetD4_2 Pin=J2-5
Added Pin To Net: NetName=NetD4_3 Pin=J2-6
Added Pin To Net: NetName=NetD4_4 Pin=J2-7
Added Pin To Net: NetName=NetD4_5 Pin=J2-8
Added Pin To Net: NetName=NetD4_6 Pin=J2-9
Added Pin To Net: NetName=NetD4_7 Pin=J2-10
Added Pin To Net: NetName=NetD4_8 Pin=J2-11
Added Pin To Net: NetName=NetD3_6 Pin=J2-13
Added Pin To Net: NetName=NetD3_7 Pin=J2-14
Added Pin To Net: NetName=NetD3_8 Pin=J2-15
Added Pin To Net: NetName=NetD3_9 Pin=J2-16
Added Pin To Net: NetName=NetD4_9 Pin=J2-17
Added Pin To Net: NetName=3.3V Pin=R11-2
Added Pin To Net: NetName=GND Pin=R12-1
Added Pin To Net: NetName=NetD3_12 Pin=U2-12
Added Pin To Net: NetName=NetD3_13 Pin=U2-13
Added Pin To Net: NetName=NetD3_14 Pin=U2-14
Added Pin To Net: NetName=NetD3_15 Pin=U2-15
Added Pin To Net: NetName=NetD3_16 Pin=U2-16
Added Pin To Net: NetName=NetD3_17 Pin=U2-17
Added Pin To Net: NetName=NetD3_18 Pin=U2-18
Added Pin To Net: NetName=NetD3_19 Pin=U2-20
Added Pin To Net: NetName=IFC Pin=U3-3
Added Pin To Net: NetName=NDAC Pin=U3-4
Added Pin To Net: NetName=NRFD Pin=U3-5
Added Pin To Net: NetName=DAV Pin=U3-6
Added Pin To Net: NetName=SRQ Pin=U3-9
Added Pin To Net: NetName=NetD4_12 Pin=U3-12
Added Pin To Net: NetName=NetD4_13 Pin=U3-13
Added Pin To Net: NetName=NetD4_14 Pin=U3-14
Added Pin To Net: NetName=NetD4_15 Pin=U3-15
Added Pin To Net: NetName=NetD4_16 Pin=U3-16
Added Pin To Net: NetName=NetD4_17 Pin=U3-17
Added Pin To Net: NetName=NetD4_18 Pin=U3-18
Added Pin To Net: NetName=NetD4_19 Pin=U3-20
Change Net Name : Old Net Name=EOI New Net Name=REN
Added Pin To Net: NetName=DC Pin=D2-23
Added Pin To Net: NetName=DC Pin=D4-11
Added Pin To Net: NetName=DC Pin=DS4-1
Added Net: Name=DC
Added Pin To Net: NetName=EOI Pin=D2-28
Added Pin To Net: NetName=EOI Pin=U3-7
Added Net: Name=EOI
Added Pin To Net: NetName=NetDS6_2 Pin=DS6-2
Added Pin To Net: NetName=NetDS6_2 Pin=R12-2
Added Net: Name=NetDS6_2
Added Pin To Net: NetName=PE Pin=D2-25
Added Pin To Net: NetName=PE Pin=D3-11
Added Pin To Net: NetName=PE Pin=DS6-1
Added Pin To Net: NetName=PE Pin=R11-1
Added Net: Name=PE
Added Member To Class: ClassName=WGPIB Member=Component DS6 TLMS1100-GS08
Added Room: Name=D?
